<?xml version="1.0" encoding="UTF-8"?>
<!-- Generated by org.testng.reporters.JUnitReportReporter -->
<testsuite hostname="DESKTOP-BMHN1O2" failures="0" tests="1" name="ExcelDriven" time="1.946" errors="0" timestamp="12 Aug 2019 01:03:57 GMT">
  <testcase classname="ExcelDriven" name="addBook" time="1.946"/>
</testsuite> <!-- ExcelDriven -->
