<?xml version="1.0" encoding="UTF-8"?>
<!-- Generated by org.testng.reporters.JUnitReportReporter -->
<testsuite hostname="DESKTOP-BMHN1O2" failures="0" tests="1" name="PostBasicsXmlFormat" time="1.722" errors="0" timestamp="11 Aug 2019 19:05:33 GMT">
  <testcase classname="PostBasicsXmlFormat" name="Test" time="1.722"/>
</testsuite> <!-- PostBasicsXmlFormat -->
