<?xml version="1.0" encoding="UTF-8"?>
<!-- Generated by org.testng.reporters.JUnitReportReporter -->
<testsuite hostname="DESKTOP-BMHN1O2" failures="0" tests="1" name="Basics" time="2.103" errors="0" timestamp="10 Aug 2019 02:58:16 GMT">
  <testcase classname="Basics" name="Test" time="2.103"/>
</testsuite> <!-- Basics -->
