<?xml version="1.0" encoding="UTF-8"?>
<!-- Generated by org.testng.reporters.JUnitReportReporter -->
<testsuite hostname="DESKTOP-BMHN1O2" failures="0" tests="1" name="GetBasics" time="2.079" errors="0" timestamp="11 Aug 2019 18:39:56 GMT">
  <testcase classname="GetBasics" name="Test" time="2.079"/>
</testsuite> <!-- GetBasics -->
