<?xml version="1.0" encoding="UTF-8"?>
<!-- Generated by org.testng.reporters.JUnitReportReporter -->
<testsuite hostname="DESKTOP-BMHN1O2" failures="0" tests="1" name="Post" time="1.936" errors="0" timestamp="10 Aug 2019 21:23:47 GMT">
  <testcase classname="Post" name="Test" time="1.936"/>
</testsuite> <!-- Post -->
