<?xml version="1.0" encoding="UTF-8"?>
<!-- Generated by org.testng.reporters.JUnitReportReporter -->
<testsuite hostname="DESKTOP-BMHN1O2" failures="0" tests="1" name="basics" time="2.648" errors="0" timestamp="10 Aug 2019 21:37:58 GMT">
  <testcase classname="basics" name="AddandDeletePlace" time="2.648"/>
</testsuite> <!-- basics -->
