<?xml version="1.0" encoding="UTF-8"?>
<!-- Generated by org.testng.reporters.JUnitReportReporter -->
<testsuite hostname="DESKTOP-BMHN1O2" failures="0" tests="1" name="PostBasics" time="1.892" errors="0" timestamp="11 Aug 2019 18:15:19 GMT">
  <testcase classname="PostBasics" name="Test" time="1.892"/>
</testsuite> <!-- PostBasics -->
