<?xml version="1.0" encoding="UTF-8"?>
<!-- Generated by org.testng.reporters.JUnitReportReporter -->
<testsuite hostname="DESKTOP-BMHN1O2" failures="0" tests="1" name="GetBasics2" time="2.398" errors="0" timestamp="12 Aug 2019 00:10:12 GMT">
  <testcase classname="GetBasics2" name="Test" time="2.398"/>
</testsuite> <!-- GetBasics2 -->
