<?xml version="1.0" encoding="UTF-8"?>
<!-- Generated by org.testng.reporters.JUnitReportReporter -->
<testsuite hostname="DESKTOP-BMHN1O2" failures="0" tests="1" name="AddAndDeletePlace" time="2.638" errors="0" timestamp="10 Aug 2019 21:49:19 GMT">
  <testcase classname="AddAndDeletePlace" name="AddandDeletePlace" time="2.638"/>
</testsuite> <!-- AddAndDeletePlace -->
